nohup: ignoring input

  .   ____          _            __ _ _
 /\\ / ___'_ __ _ _(_)_ __  __ _ \ \ \ \
( ( )\___ | '_ | '_| | '_ \/ _` | \ \ \ \
 \\/  ___)| |_)| | | | | || (_| |  ) ) ) )
  '  |____| .__|_| |_|_| |_\__, | / / / /
 =========|_|==============|___/=/_/_/_/
 :: Spring Boot ::                (v2.7.4)

2022-10-21 22:53:29.246  INFO 3984 --- [           main] c.e.r.r.RaspberrypiApplication           : Starting RaspberrypiApplication v0.0.1-SNAPSHOT using Java 1.8.0_312 on iZwz97sm51bf4khub3fnwwZ with PID 3984 (/opt/raspberrypi-0.0.1-SNAPSHOT.jar started by root in /opt)
2022-10-21 22:53:29.249  INFO 3984 --- [           main] c.e.r.r.RaspberrypiApplication           : No active profile set, falling back to 1 default profile: "default"
2022-10-21 22:53:32.120  INFO 3984 --- [           main] o.s.b.w.embedded.tomcat.TomcatWebServer  : Tomcat initialized with port(s): 8078 (http)
2022-10-21 22:53:32.161  INFO 3984 --- [           main] o.apache.catalina.core.StandardService   : Starting service [Tomcat]
2022-10-21 22:53:32.162  INFO 3984 --- [           main] org.apache.catalina.core.StandardEngine  : Starting Servlet engine: [Apache Tomcat/9.0.65]
2022-10-21 22:53:32.309  INFO 3984 --- [           main] o.a.c.c.C.[Tomcat].[localhost].[/]       : Initializing Spring embedded WebApplicationContext
2022-10-21 22:53:32.310  INFO 3984 --- [           main] w.s.c.ServletWebServerApplicationContext : Root WebApplicationContext: initialization completed in 2902 ms
Loading class `com.mysql.jdbc.Driver'. This is deprecated. The new driver class is `com.mysql.cj.jdbc.Driver'. The driver is automatically registered via the SPI and manual loading of the driver class is generally unnecessary.
2022-10-21 22:53:34.431  WARN 3984 --- [           main] ConfigServletWebServerApplicationContext : Exception encountered during context initialization - cancelling refresh attempt: org.springframework.context.ApplicationContextException: Failed to start bean 'webServerStartStop'; nested exception is org.springframework.boot.web.server.PortInUseException: Port 8078 is already in use
2022-10-21 22:53:34.436  INFO 3984 --- [           main] o.apache.catalina.core.StandardService   : Stopping service [Tomcat]
2022-10-21 22:53:34.482  INFO 3984 --- [           main] ConditionEvaluationReportLoggingListener : 

Error starting ApplicationContext. To display the conditions report re-run your application with 'debug' enabled.
2022-10-21 22:53:34.577 ERROR 3984 --- [           main] o.s.b.d.LoggingFailureAnalysisReporter   : 

***************************
APPLICATION FAILED TO START
***************************

Description:

Web server failed to start. Port 8078 was already in use.

Action:

Identify and stop the process that's listening on port 8078 or configure this application to listen on another port.

